<?xml version="1.0" encoding="UTF-8"?>
<testExecutions version="1">
  <file path="C:\Users\Koders\Desktop\Payments-Backend\tests\server.test.js">
    <testCase name="Test the root path should return data from /invoice endpoint" duration="99"/>
    <testCase name="Test the root path should return data from /get-project endpoint" duration="15"/>
    <testCase name="Test the root path should return data from /get-budget endpoint" duration="1485"/>
  </file>
  <file path="C:\Users\Koders\Desktop\Payments-Backend\tests\helper.test.js">
    <testCase name="Testing helper functions should return project issues" duration="968"/>
    <testCase name="Testing helper functions should return project milestone data" duration="2727"/>
    <testCase name="Testing helper functions should return all project status" duration="1391"/>
    <testCase name="Testing helper functions should return project data" duration="746"/>
    <testCase name="Testing helper functions should return fetched project" duration="3130"/>
    <testCase name="Testing helper functions should return invoice details" duration="3436"/>
  </file>
</testExecutions>